Added Component: Designator=2P_1(2PCON)
Added Component: Designator=2P_1(2PCON)
Added Component: Designator=4P_1(4PCON)
Added Component: Designator=4P_1(4PCON)
Added Component: Designator=4P_2(4PCON)
Added Component: Designator=4P_2(4PCON)
Added Component: Designator=4P_3(4PCON)
Added Component: Designator=ESP8266_1(ESP8266)
Added Component: Designator=MPU9250_1(MPU9250)
Added Component: Designator=MUX_1(TCA9548A)
Added Component: Designator=NRF24l01+_1(NRF24l01+)
Added Component: Designator=PCA9685_1(PCA9685)
Added Component: Designator=VREG_1(VREG)
Added Component: Designator=VREG_1(VREG)
Added Pin To Net: NetName=3V3 Pin=4P_1-1
Added Pin To Net: NetName=3V3 Pin=4P_2-1
Added Pin To Net: NetName=3V3 Pin=4P_3-1
Added Pin To Net: NetName=3V3 Pin=ESP8266_1-10
Added Pin To Net: NetName=3V3 Pin=ESP8266_1-21
Added Pin To Net: NetName=3V3 Pin=ESP8266_1-30
Added Pin To Net: NetName=3V3 Pin=MPU9250_1-1
Added Pin To Net: NetName=3V3 Pin=MUX_1-1
Added Pin To Net: NetName=3V3 Pin=NRF24l01+_1-5
Added Net: Name=3V3
Added Pin To Net: NetName=CE Pin=ESP8266_1-20
Added Pin To Net: NetName=CE Pin=NRF24l01+_1-1
Added Net: Name=CE
Added Pin To Net: NetName=CSN Pin=ESP8266_1-26
Added Pin To Net: NetName=CSN Pin=NRF24l01+_1-6
Added Net: Name=CSN
Added Pin To Net: NetName=GND_IN Pin=2P_1-2
Added Pin To Net: NetName=GND_IN Pin=VREG_1-2
Added Net: Name=GND_IN
Added Pin To Net: NetName=GND Pin=4P_1-2
Added Pin To Net: NetName=GND Pin=4P_1-2
Added Pin To Net: NetName=GND Pin=4P_2-2
Added Pin To Net: NetName=GND Pin=4P_2-2
Added Pin To Net: NetName=GND Pin=4P_3-2
Added Pin To Net: NetName=GND Pin=ESP8266_1-11
Added Pin To Net: NetName=GND Pin=ESP8266_1-14
Added Pin To Net: NetName=GND Pin=ESP8266_1-22
Added Pin To Net: NetName=GND Pin=MPU9250_1-2
Added Pin To Net: NetName=GND Pin=MUX_1-2
Added Pin To Net: NetName=GND Pin=NRF24l01+_1-1
Added Pin To Net: NetName=GND Pin=PCA9685_1-1
Added Pin To Net: NetName=GND Pin=PCA9685_1-7
Added Pin To Net: NetName=GND Pin=VREG_1-4
Added Pin To Net: NetName=GND Pin=VREG_1-4
Added Net: Name=GND
Added Pin To Net: NetName=L1C Pin=4P_1-3
Added Pin To Net: NetName=L1C Pin=MUX_1-17
Added Net: Name=L1C
Added Pin To Net: NetName=L1D Pin=4P_1-4
Added Pin To Net: NetName=L1D Pin=MUX_1-18
Added Net: Name=L1D
Added Pin To Net: NetName=L2C Pin=4P_2-3
Added Pin To Net: NetName=L2C Pin=MUX_1-15
Added Net: Name=L2C
Added Pin To Net: NetName=L2D Pin=4P_2-4
Added Pin To Net: NetName=L2D Pin=MUX_1-16
Added Net: Name=L2D
Added Pin To Net: NetName=L3C Pin=4P_3-3
Added Pin To Net: NetName=L3C Pin=MUX_1-13
Added Net: Name=L3C
Added Pin To Net: NetName=L3D Pin=4P_3-4
Added Pin To Net: NetName=L3D Pin=MUX_1-14
Added Net: Name=L3D
Added Pin To Net: NetName=MISO Pin=ESP8266_1-24
Added Pin To Net: NetName=MISO Pin=NRF24l01+_1-4
Added Net: Name=MISO
Added Pin To Net: NetName=MOSI Pin=ESP8266_1-25
Added Pin To Net: NetName=MOSI Pin=NRF24l01+_1-7
Added Net: Name=MOSI
Added Pin To Net: NetName=Net2P_1_1 Pin=2P_1-1
Added Pin To Net: NetName=Net2P_1_1 Pin=VREG_1-1
Added Net: Name=Net2P_1_1
Added Pin To Net: NetName=Net2P_1_2 Pin=2P_1-2
Added Pin To Net: NetName=Net2P_1_2 Pin=VREG_1-2
Added Net: Name=Net2P_1_2
Added Pin To Net: NetName=Net4P_1_1 Pin=4P_1-1
Added Pin To Net: NetName=Net4P_1_1 Pin=PCA9685_1-5
Added Net: Name=Net4P_1_1
Added Pin To Net: NetName=Net4P_1_3 Pin=4P_1-3
Added Pin To Net: NetName=Net4P_1_3 Pin=PCA9685_1-3
Added Net: Name=Net4P_1_3
Added Pin To Net: NetName=Net4P_1_4 Pin=4P_1-4
Added Pin To Net: NetName=Net4P_1_4 Pin=PCA9685_1-4
Added Net: Name=Net4P_1_4
Added Pin To Net: NetName=Net4P_2_1 Pin=4P_2-1
Added Pin To Net: NetName=Net4P_2_1 Pin=PCA9685_1-11
Added Net: Name=Net4P_2_1
Added Pin To Net: NetName=Net4P_2_3 Pin=4P_2-3
Added Pin To Net: NetName=Net4P_2_3 Pin=PCA9685_1-9
Added Net: Name=Net4P_2_3
Added Pin To Net: NetName=Net4P_2_4 Pin=4P_2-4
Added Pin To Net: NetName=Net4P_2_4 Pin=PCA9685_1-10
Added Net: Name=Net4P_2_4
Added Pin To Net: NetName=NetPCA9685_1_6 Pin=PCA9685_1-6
Added Pin To Net: NetName=NetPCA9685_1_6 Pin=VREG_1-3
Added Net: Name=NetPCA9685_1_6
Added Pin To Net: NetName=SCK Pin=ESP8266_1-23
Added Pin To Net: NetName=SCK Pin=NRF24l01+_1-3
Added Net: Name=SCK
Added Pin To Net: NetName=SCL Pin=ESP8266_1-17
Added Pin To Net: NetName=SCL Pin=MPU9250_1-3
Added Pin To Net: NetName=SCL Pin=MUX_1-4
Added Net: Name=SCL
Added Pin To Net: NetName=SDA Pin=ESP8266_1-18
Added Pin To Net: NetName=SDA Pin=MPU9250_1-4
Added Pin To Net: NetName=SDA Pin=MUX_1-3
Added Net: Name=SDA
Added Pin To Net: NetName=VIN_IN Pin=2P_1-1
Added Pin To Net: NetName=VIN_IN Pin=VREG_1-1
Added Net: Name=VIN_IN
Added Pin To Net: NetName=VIN Pin=ESP8266_1-15
Added Pin To Net: NetName=VIN Pin=VREG_1-3
Added Net: Name=VIN
Added Class: Name=TRISECT_Leg
Added Class: Name=TRISECT_Main
Added Rule: Name=Schematic Supply Nets
